$ storybook build --output-dir /tmp/chromatic--25532-DojJCQk0gYlO
@storybook/cli v7.0.6

info => Cleaning outputDir: /tmp/chromatic--25532-DojJCQk0gYlO
info => Loading presets
info => Building manager..
info => Manager built (179 ms)
info => Copying static files: /home/middle_fiddle/taskbox/node_modules/@storybook/manager/static at /tmp/chromatic--25532-DojJCQk0gYlO/sb-common-assets
info => Copying static files: /home/middle_fiddle/taskbox/public at /tmp/chromatic--25532-DojJCQk0gYlO/
vite v4.2.2 building for production...

./sb-common-assets/fonts.css doesn't exist at build time, it will remain unchanged to be resolved at runtime
transforming...
Use of eval in "node_modules/telejson/dist/index.mjs" is strongly discouraged as it poses security risks and may cause issues with minification.
Use of eval in "node_modules/telejson/dist/index.mjs" is strongly discouraged as it poses security risks and may cause issues with minification.
✓ 1670 modules transformed.
rendering chunks...
warnings when minifying css:
▲ [WARNING] CSS nesting syntax is not supported in the configured target environment ("chrome87", "edge88", "es2020", "firefox78", "safari14") [unsupported-css-nesting]

    <stdin>:36:2:
      36 │   *vertical-align: middle;
         ╵   ^


▲ [WARNING] Expected identifier but found whitespace [css-syntax-error]

    <stdin>:36:18:
      36 │   *vertical-align: middle;
         ╵                   ^


▲ [WARNING] Unexpected ";" [css-syntax-error]

    <stdin>:36:25:
      36 │   *vertical-align: middle;
         ╵                          ^


computing gzip size...
../../../tmp/chromatic--25532-DojJCQk0gYlO/iframe.html                                          12.58 kB
../../../tmp/chromatic--25532-DojJCQk0gYlO/assets/percolate-dac75269.ttf                        34.04 kB
../../../tmp/chromatic--25532-DojJCQk0gYlO/assets/percolate-ec979d96.woff                       34.11 kB
../../../tmp/chromatic--25532-DojJCQk0gYlO/assets/percolate-5ed633c2.eot                        34.21 kB
../../../tmp/chromatic--25532-DojJCQk0gYlO/assets/percolate-d13fa91b.svg                       140.51 kB
../../../tmp/chromatic--25532-DojJCQk0gYlO/assets/preview-a3b9fd31.css                           6.91 kB │ gzip:   2.08 kB
../../../tmp/chromatic--25532-DojJCQk0gYlO/assets/index-d475d2ea.js                              0.21 kB │ gzip:   0.17 kB │ map:     0.81 kB
../../../tmp/chromatic--25532-DojJCQk0gYlO/assets/_commonjs-dynamic-modules-302442b1.js          0.30 kB │ gzip:   0.24 kB │ map:     0.12 kB
../../../tmp/chromatic--25532-DojJCQk0gYlO/assets/WithTooltip-FBT32F6Q-825c63ef.js               0.55 kB │ gzip:   0.32 kB │ map:     0.11 kB
../../../tmp/chromatic--25532-DojJCQk0gYlO/assets/syntaxhighlighter-QTQ2UBB4-98a9aa64.js         0.57 kB │ gzip:   0.35 kB │ map:     0.12 kB
../../../tmp/chromatic--25532-DojJCQk0gYlO/assets/index-6d7aa4ee.js                              0.62 kB │ gzip:   0.38 kB │ map:     4.26 kB
../../../tmp/chromatic--25532-DojJCQk0gYlO/assets/preview-0435c720.js                            0.69 kB │ gzip:   0.49 kB │ map:     3.75 kB
../../../tmp/chromatic--25532-DojJCQk0gYlO/assets/_commonjsHelpers-042e6b4d.js                   0.78 kB │ gzip:   0.44 kB │ map:     0.11 kB
../../../tmp/chromatic--25532-DojJCQk0gYlO/assets/index-4d501b15.js                              0.80 kB │ gzip:   0.52 kB │ map:     4.03 kB
../../../tmp/chromatic--25532-DojJCQk0gYlO/assets/index-356e4a49.js                              0.81 kB │ gzip:   0.51 kB │ map:     3.24 kB
../../../tmp/chromatic--25532-DojJCQk0gYlO/assets/preview-81fbdb5c.js                            0.83 kB │ gzip:   0.49 kB │ map:     1.20 kB
../../../tmp/chromatic--25532-DojJCQk0gYlO/assets/preview-b1164a2e.js                            0.88 kB │ gzip:   0.58 kB │ map:     2.85 kB
../../../tmp/chromatic--25532-DojJCQk0gYlO/assets/preview-20d734cc.js                            1.06 kB │ gzip:   0.69 kB │ map:     3.08 kB
../../../tmp/chromatic--25532-DojJCQk0gYlO/assets/preview-bb5acd95.js                            2.38 kB │ gzip:   1.26 kB │ map:    10.16 kB
../../../tmp/chromatic--25532-DojJCQk0gYlO/assets/index-d37d4223.js                              2.63 kB │ gzip:   1.30 kB │ map:     7.44 kB
../../../tmp/chromatic--25532-DojJCQk0gYlO/assets/preview-f96f0111.js                            3.29 kB │ gzip:   1.41 kB │ map:    10.05 kB
../../../tmp/chromatic--25532-DojJCQk0gYlO/assets/Task.stories-2d22de5c.js                       3.56 kB │ gzip:   1.55 kB │ map:     4.58 kB
../../../tmp/chromatic--25532-DojJCQk0gYlO/assets/preview-b9abae3c.js                            3.78 kB │ gzip:   1.79 kB │ map:    14.47 kB
../../../tmp/chromatic--25532-DojJCQk0gYlO/assets/iframe-265492df.js                             4.92 kB │ gzip:   1.72 kB │ map:     5.48 kB
../../../tmp/chromatic--25532-DojJCQk0gYlO/assets/index-f1f749bf.js                              7.25 kB │ gzip:   2.96 kB │ map:    15.64 kB
../../../tmp/chromatic--25532-DojJCQk0gYlO/assets/preview-62235626.js                            7.69 kB │ gzip:   1.60 kB │ map:    13.65 kB
../../../tmp/chromatic--25532-DojJCQk0gYlO/assets/preview-e6f1f377.js                            7.97 kB │ gzip:   3.03 kB │ map:    28.14 kB
../../../tmp/chromatic--25532-DojJCQk0gYlO/assets/index-078d3f98.js                             10.06 kB │ gzip:   3.66 kB │ map:    26.46 kB
../../../tmp/chromatic--25532-DojJCQk0gYlO/assets/GlobalScrollAreaStyles-XIHNDKUY-c6361088.js   10.53 kB │ gzip:   2.41 kB │ map:    15.69 kB
../../../tmp/chromatic--25532-DojJCQk0gYlO/assets/preview-8e084d2f.js                           11.13 kB │ gzip:   3.76 kB │ map:    41.72 kB
../../../tmp/chromatic--25532-DojJCQk0gYlO/assets/Color-3YIJY6X7-01125228.js                    31.11 kB │ gzip:  11.69 kB │ map:   112.20 kB
../../../tmp/chromatic--25532-DojJCQk0gYlO/assets/TaskList.stories-35e175fe.js                  40.30 kB │ gzip:  13.88 kB │ map:   230.67 kB
../../../tmp/chromatic--25532-DojJCQk0gYlO/assets/OverlayScrollbars-VAV6LJAB-fc9c900a.js        59.11 kB │ gzip:  25.35 kB │ map:   277.19 kB
../../../tmp/chromatic--25532-DojJCQk0gYlO/assets/_getPrototype-ad889add.js                     78.82 kB │ gzip:  23.65 kB │ map:   322.83 kB
../../../tmp/chromatic--25532-DojJCQk0gYlO/assets/index-96c5f47c.js                            134.19 kB │ gzip:  43.27 kB │ map:   326.62 kB
../../../tmp/chromatic--25532-DojJCQk0gYlO/assets/config-c5897f1e.js                           213.66 kB │ gzip:  66.39 kB │ map:   802.14 kB
../../../tmp/chromatic--25532-DojJCQk0gYlO/assets/InboxScreen.stories-323846dd.js              258.24 kB │ gzip:  60.69 kB │ map:   916.19 kB
../../../tmp/chromatic--25532-DojJCQk0gYlO/assets/index-7fd7b4cd.js                            337.22 kB │ gzip:  99.41 kB │ map: 1,427.95 kB
../../../tmp/chromatic--25532-DojJCQk0gYlO/assets/DocsRenderer-7FRJXR4N-ecbb2122.js            504.82 kB │ gzip: 166.16 kB │ map: 1,434.02 kB
../../../tmp/chromatic--25532-DojJCQk0gYlO/assets/axe-a686be73.js                              535.45 kB │ gzip: 146.88 kB │ map: 1,917.96 kB
../../../tmp/chromatic--25532-DojJCQk0gYlO/assets/formatter-S4K5WUZV-5598dc1a.js               601.76 kB │ gzip: 185.09 kB │ map: 1,315.95 kB

(!) Some chunks are larger than 500 kBs after minification. Consider:
- Using dynamic import() to code-split the application
- Use build.rollupOptions.output.manualChunks to improve chunking: https://rollupjs.org/configuration-options/#output-manualchunks
- Adjust chunk size limit for this warning via build.chunkSizeWarningLimit.
✓ built in 27.02s
info => Output directory: /tmp/chromatic--25532-DojJCQk0gYlO
